<?xml version="1.0" encoding="UTF-8"?>
<testng-results ignored="1" total="2" passed="1" failed="0" skipped="0">
  <reporter-output>
  </reporter-output>
  <suite started-at="2022-12-16T21:40:57 IST" name="Default suite" finished-at="2022-12-16T21:41:49 IST" duration-ms="51378">
    <groups>
    </groups>
    <test started-at="2022-12-16T21:40:57 IST" name="Default test" finished-at="2022-12-16T21:41:49 IST" duration-ms="51378">
      <class name="Bs_TestCases.Login_Page_Test">
        <test-method is-config="true" signature="setup()[pri:0, instance:Bs_TestCases.Login_Page_Test@568ff82]" started-at="2022-12-16T21:40:57 IST" name="setup" finished-at="2022-12-16T21:41:35 IST" duration-ms="37848" status="PASS">
          <reporter-output>
          </reporter-output>
        </test-method> <!-- setup -->
        <test-method signature="login_Test()[pri:0, instance:Bs_TestCases.Login_Page_Test@568ff82]" started-at="2022-12-16T21:41:35 IST" name="login_Test" finished-at="2022-12-16T21:41:47 IST" duration-ms="11812" status="PASS">
          <reporter-output>
          </reporter-output>
        </test-method> <!-- login_Test -->
      </class> <!-- Bs_TestCases.Login_Page_Test -->
    </test> <!-- Default test -->
  </suite> <!-- Default suite -->
</testng-results>
