<?xml version="1.0" encoding="UTF-8"?>
<!-- Generated by org.testng.reporters.JUnitXMLReporter -->
<testsuite ignored="1" hostname="DESKTOP-5H7RRRE" failures="0" tests="1" name="Default test" time="51.378" errors="0" timestamp="2022-12-16T21:41:49 IST">
  <testcase classname="Bs_TestCases.Login_Page_Test" name="login_Test" time="11.812"/>
  <testcase classname="Bs_TestCases.Login_Page_Test" name="multiUserlogintest" time="0.0">
    <ignored/>
  </testcase> <!-- multiUserlogintest -->
</testsuite> <!-- Default test -->
